1678602747.529794 client started (45384): version 3.3a, socket /private/tmp/tmux-36154/default, protocol 8
1678602747.529848 on Darwin 22.3.0 Darwin Kernel Version 22.3.0: Mon Jan 30 20:42:11 PST 2023; root:xnu-8792.81.3~2/RELEASE_X86_64
1678602747.529873 using libevent 2.1.12-stable (select); utf8proc 2.8.0; ncurses 6.4
1678602747.529913 flags are 0x10010000
1678602747.529923 socket is /private/tmp/tmux-36154/default
1678602747.529938 trying connect
1678602747.530057 add peer 0x7fc280008000: 6 (0x0)
1678602747.532970 sending message 100 to peer 0x7fc280008000 (4 bytes)
1678602747.532997 sending message 111 to peer 0x7fc280008000 (8 bytes)
1678602747.533009 sending message 101 to peer 0x7fc280008000 (16 bytes)
1678602747.533018 sending message 109 to peer 0x7fc280008000 (4 bytes)
1678602747.533027 sending message 102 to peer 0x7fc280008000 (13 bytes)
1678602747.533037 sending message 108 to peer 0x7fc280008000 (33 bytes)
1678602747.533045 sending message 112 to peer 0x7fc280008000 (70 bytes)
1678602747.533054 sending message 112 to peer 0x7fc280008000 (5 bytes)
1678602747.533062 sending message 112 to peer 0x7fc280008000 (5 bytes)
1678602747.533071 sending message 112 to peer 0x7fc280008000 (6 bytes)
1678602747.533079 sending message 112 to peer 0x7fc280008000 (6 bytes)
1678602747.533088 sending message 112 to peer 0x7fc280008000 (11 bytes)
1678602747.533097 sending message 112 to peer 0x7fc280008000 (10 bytes)
1678602747.533105 sending message 112 to peer 0x7fc280008000 (13 bytes)
1678602747.533114 sending message 112 to peer 0x7fc280008000 (13 bytes)
1678602747.533122 sending message 112 to peer 0x7fc280008000 (18 bytes)
1678602747.533131 sending message 112 to peer 0x7fc280008000 (11 bytes)
1678602747.533140 sending message 112 to peer 0x7fc280008000 (21 bytes)
1678602747.533148 sending message 112 to peer 0x7fc280008000 (13 bytes)
1678602747.533157 sending message 112 to peer 0x7fc280008000 (7 bytes)
1678602747.533165 sending message 112 to peer 0x7fc280008000 (13 bytes)
1678602747.533173 sending message 112 to peer 0x7fc280008000 (7 bytes)
1678602747.533182 sending message 112 to peer 0x7fc280008000 (13 bytes)
1678602747.533191 sending message 112 to peer 0x7fc280008000 (9 bytes)
1678602747.533199 sending message 112 to peer 0x7fc280008000 (21 bytes)
1678602747.533208 sending message 112 to peer 0x7fc280008000 (13 bytes)
1678602747.533218 sending message 112 to peer 0x7fc280008000 (8 bytes)
1678602747.533226 sending message 112 to peer 0x7fc280008000 (12 bytes)
1678602747.533235 sending message 112 to peer 0x7fc280008000 (13 bytes)
1678602747.533243 sending message 112 to peer 0x7fc280008000 (9 bytes)
1678602747.533251 sending message 112 to peer 0x7fc280008000 (9 bytes)
1678602747.533260 sending message 112 to peer 0x7fc280008000 (12 bytes)
1678602747.533268 sending message 112 to peer 0x7fc280008000 (8 bytes)
1678602747.533276 sending message 112 to peer 0x7fc280008000 (7 bytes)
1678602747.533284 sending message 112 to peer 0x7fc280008000 (7 bytes)
1678602747.533293 sending message 112 to peer 0x7fc280008000 (9 bytes)
1678602747.533301 sending message 112 to peer 0x7fc280008000 (13 bytes)
1678602747.533309 sending message 112 to peer 0x7fc280008000 (9 bytes)
1678602747.533318 sending message 112 to peer 0x7fc280008000 (15 bytes)
1678602747.533326 sending message 112 to peer 0x7fc280008000 (13 bytes)
1678602747.533334 sending message 112 to peer 0x7fc280008000 (12 bytes)
1678602747.533342 sending message 112 to peer 0x7fc280008000 (8 bytes)
1678602747.533351 sending message 112 to peer 0x7fc280008000 (14 bytes)
1678602747.533359 sending message 112 to peer 0x7fc280008000 (9 bytes)
1678602747.533367 sending message 112 to peer 0x7fc280008000 (10 bytes)
1678602747.533375 sending message 112 to peer 0x7fc280008000 (10 bytes)
1678602747.533384 sending message 112 to peer 0x7fc280008000 (10 bytes)
1678602747.533392 sending message 112 to peer 0x7fc280008000 (10 bytes)
1678602747.533401 sending message 112 to peer 0x7fc280008000 (11 bytes)
1678602747.533410 sending message 112 to peer 0x7fc280008000 (10 bytes)
1678602747.533418 sending message 112 to peer 0x7fc280008000 (8 bytes)
1678602747.533440 sending message 112 to peer 0x7fc280008000 (11 bytes)
1678602747.533447 sending message 112 to peer 0x7fc280008000 (11 bytes)
1678602747.533454 sending message 112 to peer 0x7fc280008000 (11 bytes)
1678602747.533460 sending message 112 to peer 0x7fc280008000 (8 bytes)
1678602747.533466 sending message 112 to peer 0x7fc280008000 (8 bytes)
1678602747.533472 sending message 112 to peer 0x7fc280008000 (8 bytes)
1678602747.533479 sending message 112 to peer 0x7fc280008000 (10 bytes)
1678602747.533485 sending message 112 to peer 0x7fc280008000 (10 bytes)
1678602747.533491 sending message 112 to peer 0x7fc280008000 (10 bytes)
1678602747.533497 sending message 112 to peer 0x7fc280008000 (10 bytes)
1678602747.533504 sending message 112 to peer 0x7fc280008000 (10 bytes)
1678602747.533510 sending message 112 to peer 0x7fc280008000 (11 bytes)
1678602747.533520 sending message 112 to peer 0x7fc280008000 (11 bytes)
1678602747.533527 sending message 112 to peer 0x7fc280008000 (10 bytes)
1678602747.533533 sending message 112 to peer 0x7fc280008000 (9 bytes)
1678602747.533539 sending message 112 to peer 0x7fc280008000 (9 bytes)
1678602747.533545 sending message 112 to peer 0x7fc280008000 (12 bytes)
1678602747.533551 sending message 112 to peer 0x7fc280008000 (9 bytes)
1678602747.533557 sending message 112 to peer 0x7fc280008000 (6 bytes)
1678602747.533563 sending message 112 to peer 0x7fc280008000 (13 bytes)
1678602747.533569 sending message 112 to peer 0x7fc280008000 (8 bytes)
1678602747.533576 sending message 112 to peer 0x7fc280008000 (15 bytes)
1678602747.533582 sending message 112 to peer 0x7fc280008000 (13 bytes)
1678602747.533589 sending message 112 to peer 0x7fc280008000 (70 bytes)
1678602747.533595 sending message 112 to peer 0x7fc280008000 (69 bytes)
1678602747.533601 sending message 112 to peer 0x7fc280008000 (10 bytes)
1678602747.533607 sending message 112 to peer 0x7fc280008000 (8 bytes)
1678602747.533613 sending message 112 to peer 0x7fc280008000 (15 bytes)
1678602747.533619 sending message 112 to peer 0x7fc280008000 (13 bytes)
1678602747.533625 sending message 112 to peer 0x7fc280008000 (10 bytes)
1678602747.533631 sending message 112 to peer 0x7fc280008000 (10 bytes)
1678602747.533637 sending message 112 to peer 0x7fc280008000 (5 bytes)
1678602747.533643 sending message 112 to peer 0x7fc280008000 (15 bytes)
1678602747.533651 sending message 104 to peer 0x7fc280008000 (0 bytes)
1678602747.533659 sending message 110 to peer 0x7fc280008000 (0 bytes)
1678602747.533665 sending message 107 to peer 0x7fc280008000 (4 bytes)
1678602747.533671 sending message 105 to peer 0x7fc280008000 (16 bytes)
1678602747.533677 sending message 105 to peer 0x7fc280008000 (71 bytes)
1678602747.533683 sending message 105 to peer 0x7fc280008000 (24 bytes)
1678602747.533689 sending message 105 to peer 0x7fc280008000 (24 bytes)
1678602747.533695 sending message 105 to peer 0x7fc280008000 (31 bytes)
1678602747.533701 sending message 105 to peer 0x7fc280008000 (27 bytes)
1678602747.533707 sending message 105 to peer 0x7fc280008000 (14 bytes)
1678602747.533713 sending message 105 to peer 0x7fc280008000 (20 bytes)
1678602747.533719 sending message 105 to peer 0x7fc280008000 (22 bytes)
1678602747.533725 sending message 105 to peer 0x7fc280008000 (45 bytes)
1678602747.533731 sending message 105 to peer 0x7fc280008000 (43 bytes)
1678602747.533737 sending message 105 to peer 0x7fc280008000 (53 bytes)
1678602747.533743 sending message 105 to peer 0x7fc280008000 (53 bytes)
1678602747.533749 sending message 105 to peer 0x7fc280008000 (25 bytes)
1678602747.533755 sending message 105 to peer 0x7fc280008000 (82 bytes)
1678602747.533762 sending message 105 to peer 0x7fc280008000 (17 bytes)
1678602747.533768 sending message 105 to peer 0x7fc280008000 (12 bytes)
1678602747.533774 sending message 105 to peer 0x7fc280008000 (52 bytes)
1678602747.533780 sending message 105 to peer 0x7fc280008000 (47 bytes)
1678602747.533786 sending message 105 to peer 0x7fc280008000 (28 bytes)
1678602747.533792 sending message 105 to peer 0x7fc280008000 (61 bytes)
1678602747.533808 sending message 105 to peer 0x7fc280008000 (63 bytes)
1678602747.533816 sending message 105 to peer 0x7fc280008000 (65 bytes)
1678602747.533823 sending message 105 to peer 0x7fc280008000 (29 bytes)
1678602747.533829 sending message 105 to peer 0x7fc280008000 (26 bytes)
1678602747.533835 sending message 105 to peer 0x7fc280008000 (33 bytes)
1678602747.533841 sending message 105 to peer 0x7fc280008000 (21 bytes)
1678602747.533847 sending message 105 to peer 0x7fc280008000 (45 bytes)
1678602747.533853 sending message 105 to peer 0x7fc280008000 (22 bytes)
1678602747.533859 sending message 105 to peer 0x7fc280008000 (61 bytes)
1678602747.533865 sending message 105 to peer 0x7fc280008000 (17 bytes)
1678602747.533871 sending message 105 to peer 0x7fc280008000 (19 bytes)
1678602747.533877 sending message 105 to peer 0x7fc280008000 (27 bytes)
1678602747.533883 sending message 105 to peer 0x7fc280008000 (8 bytes)
1678602747.533889 sending message 105 to peer 0x7fc280008000 (17 bytes)
1678602747.533898 sending message 105 to peer 0x7fc280008000 (32 bytes)
1678602747.533905 sending message 105 to peer 0x7fc280008000 (40 bytes)
1678602747.533911 sending message 105 to peer 0x7fc280008000 (10 bytes)
1678602747.533917 sending message 105 to peer 0x7fc280008000 (12 bytes)
1678602747.533924 sending message 105 to peer 0x7fc280008000 (11 bytes)
1678602747.533930 sending message 105 to peer 0x7fc280008000 (1744 bytes)
1678602747.533937 sending message 105 to peer 0x7fc280008000 (28 bytes)
1678602747.533943 sending message 105 to peer 0x7fc280008000 (37 bytes)
1678602747.533949 sending message 105 to peer 0x7fc280008000 (16 bytes)
1678602747.533955 sending message 105 to peer 0x7fc280008000 (15 bytes)
1678602747.533961 sending message 105 to peer 0x7fc280008000 (16 bytes)
1678602747.533967 sending message 105 to peer 0x7fc280008000 (42 bytes)
1678602747.533973 sending message 105 to peer 0x7fc280008000 (15 bytes)
1678602747.533979 sending message 105 to peer 0x7fc280008000 (8 bytes)
1678602747.533985 sending message 105 to peer 0x7fc280008000 (89 bytes)
1678602747.533991 sending message 105 to peer 0x7fc280008000 (66 bytes)
1678602747.533997 sending message 105 to peer 0x7fc280008000 (21 bytes)
1678602747.534004 sending message 105 to peer 0x7fc280008000 (18 bytes)
1678602747.534010 sending message 105 to peer 0x7fc280008000 (26 bytes)
1678602747.534015 sending message 105 to peer 0x7fc280008000 (60 bytes)
1678602747.534022 sending message 105 to peer 0x7fc280008000 (57 bytes)
1678602747.534027 sending message 105 to peer 0x7fc280008000 (45 bytes)
1678602747.534033 sending message 105 to peer 0x7fc280008000 (55 bytes)
1678602747.534039 sending message 105 to peer 0x7fc280008000 (13 bytes)
1678602747.534045 sending message 105 to peer 0x7fc280008000 (56 bytes)
1678602747.534051 sending message 105 to peer 0x7fc280008000 (14 bytes)
1678602747.534057 sending message 105 to peer 0x7fc280008000 (14 bytes)
1678602747.534063 sending message 105 to peer 0x7fc280008000 (19 bytes)
1678602747.534069 sending message 105 to peer 0x7fc280008000 (31 bytes)
1678602747.534074 sending message 105 to peer 0x7fc280008000 (22 bytes)
1678602747.534080 sending message 105 to peer 0x7fc280008000 (43 bytes)
1678602747.534086 sending message 105 to peer 0x7fc280008000 (32 bytes)
1678602747.534092 sending message 105 to peer 0x7fc280008000 (105 bytes)
1678602747.534098 sending message 105 to peer 0x7fc280008000 (38 bytes)
1678602747.534104 sending message 105 to peer 0x7fc280008000 (25 bytes)
1678602747.534110 sending message 105 to peer 0x7fc280008000 (22 bytes)
1678602747.534116 sending message 106 to peer 0x7fc280008000 (0 bytes)
1678602747.534206 cmd_pack_argv: argv[0]=attach
1678602747.534216 sending message 200 to peer 0x7fc280008000 (11 bytes)
1678602747.534222 client loop enter
1678602747.534706 peer 0x7fc280008000 message 303
1678602747.534731 open write file 2 -
1678602747.534773 sending message 305 to peer 0x7fc280008000 (8 bytes)
1678602747.534797 write check file 2
1678602747.534855 peer 0x7fc280008000 message 304
1678602747.534876 write 58 to file 2
1678602747.534888 peer 0x7fc280008000 message 203
1678602747.534895 file 2 58 bytes left
1678602747.534916 write check file 2
1678602747.534924 client loop exit
